<?xml version="1.0" encoding="UTF-8"?>
<testsuite xmlns:xsi="http://www.w3.org/2001/XMLSchema-instance" xsi:noNamespaceSchemaLocation="https://maven.apache.org/surefire/maven-surefire-plugin/xsd/surefire-test-report.xsd" version="3.0.2" name="com.pi4j.spring.boot.ContextTest" time="13.337" tests="2" errors="0" skipped="0" failures="1">
  <properties>
    <property name="java.specification.version" value="21"/>
    <property name="sun.jnu.encoding" value="UTF-8"/>
    <property name="java.class.path" value="/home/pi/ProjetKubiiSpringboot/pi4j-springboot-1704-02/pi4j-spring-boot/target/test-classes:/home/pi/ProjetKubiiSpringboot/pi4j-springboot-1704-02/pi4j-spring-boot/target/classes:/home/pi/.m2/repository/com/pi4j/pi4j-core/3.0.0-SNAPSHOT/pi4j-core-3.0.0-SNAPSHOT.jar:/home/pi/.m2/repository/org/slf4j/slf4j-api/2.0.17/slf4j-api-2.0.17.jar:/home/pi/.m2/repository/com/pi4j/pi4j-plugin-raspberrypi/3.0.0-SNAPSHOT/pi4j-plugin-raspberrypi-3.0.0-SNAPSHOT.jar:/home/pi/.m2/repository/com/pi4j/pi4j-plugin-pigpio/3.0.0-SNAPSHOT/pi4j-plugin-pigpio-3.0.0-SNAPSHOT.jar:/home/pi/.m2/repository/com/pi4j/pi4j-library-pigpio/3.0.0-SNAPSHOT/pi4j-library-pigpio-3.0.0-SNAPSHOT.jar:/home/pi/.m2/repository/com/pi4j/pi4j-plugin-linuxfs/3.0.0-SNAPSHOT/pi4j-plugin-linuxfs-3.0.0-SNAPSHOT.jar:/home/pi/.m2/repository/com/jcraft/jsch/0.1.55/jsch-0.1.55.jar:/home/pi/.m2/repository/com/pi4j/pi4j-library-linuxfs/3.0.0-SNAPSHOT/pi4j-library-linuxfs-3.0.0-SNAPSHOT.jar:/home/pi/.m2/repository/net/java/dev/jna/jna/5.15.0/jna-5.15.0.jar:/home/pi/.m2/repository/com/pi4j/pi4j-plugin-gpiod/3.0.0-SNAPSHOT/pi4j-plugin-gpiod-3.0.0-SNAPSHOT.jar:/home/pi/.m2/repository/com/pi4j/pi4j-library-gpiod/3.0.0-SNAPSHOT/pi4j-library-gpiod-3.0.0-SNAPSHOT.jar:/home/pi/.m2/repository/com/pi4j/pi4j-plugin-mock/3.0.0-SNAPSHOT/pi4j-plugin-mock-3.0.0-SNAPSHOT.jar:/home/pi/.m2/repository/org/springframework/boot/spring-boot-autoconfigure/3.4.4/spring-boot-autoconfigure-3.4.4.jar:/home/pi/.m2/repository/org/springframework/boot/spring-boot/3.4.4/spring-boot-3.4.4.jar:/home/pi/.m2/repository/org/springframework/spring-context/6.2.5/spring-context-6.2.5.jar:/home/pi/.m2/repository/org/springframework/spring-aop/6.2.5/spring-aop-6.2.5.jar:/home/pi/.m2/repository/org/springframework/spring-beans/6.2.5/spring-beans-6.2.5.jar:/home/pi/.m2/repository/org/springframework/spring-expression/6.2.5/spring-expression-6.2.5.jar:/home/pi/.m2/repository/io/micrometer/micrometer-observation/1.14.5/micrometer-observation-1.14.5.jar:/home/pi/.m2/repository/io/micrometer/micrometer-commons/1.14.5/micrometer-commons-1.14.5.jar:/home/pi/.m2/repository/org/springframework/boot/spring-boot-actuator/3.4.4/spring-boot-actuator-3.4.4.jar:/home/pi/.m2/repository/org/springframework/boot/spring-boot-autoconfigure-processor/3.4.4/spring-boot-autoconfigure-processor-3.4.4.jar:/home/pi/.m2/repository/org/springframework/boot/spring-boot-configuration-processor/3.4.4/spring-boot-configuration-processor-3.4.4.jar:/home/pi/.m2/repository/org/springframework/boot/spring-boot-starter-test/3.4.4/spring-boot-starter-test-3.4.4.jar:/home/pi/.m2/repository/org/springframework/boot/spring-boot-starter/3.4.4/spring-boot-starter-3.4.4.jar:/home/pi/.m2/repository/org/springframework/boot/spring-boot-starter-logging/3.4.4/spring-boot-starter-logging-3.4.4.jar:/home/pi/.m2/repository/ch/qos/logback/logback-classic/1.5.18/logback-classic-1.5.18.jar:/home/pi/.m2/repository/ch/qos/logback/logback-core/1.5.18/logback-core-1.5.18.jar:/home/pi/.m2/repository/org/apache/logging/log4j/log4j-to-slf4j/2.24.3/log4j-to-slf4j-2.24.3.jar:/home/pi/.m2/repository/org/apache/logging/log4j/log4j-api/2.24.3/log4j-api-2.24.3.jar:/home/pi/.m2/repository/org/slf4j/jul-to-slf4j/2.0.17/jul-to-slf4j-2.0.17.jar:/home/pi/.m2/repository/jakarta/annotation/jakarta.annotation-api/2.1.1/jakarta.annotation-api-2.1.1.jar:/home/pi/.m2/repository/org/yaml/snakeyaml/2.3/snakeyaml-2.3.jar:/home/pi/.m2/repository/org/springframework/boot/spring-boot-test/3.4.4/spring-boot-test-3.4.4.jar:/home/pi/.m2/repository/org/springframework/boot/spring-boot-test-autoconfigure/3.4.4/spring-boot-test-autoconfigure-3.4.4.jar:/home/pi/.m2/repository/com/jayway/jsonpath/json-path/2.9.0/json-path-2.9.0.jar:/home/pi/.m2/repository/jakarta/xml/bind/jakarta.xml.bind-api/4.0.2/jakarta.xml.bind-api-4.0.2.jar:/home/pi/.m2/repository/jakarta/activation/jakarta.activation-api/2.1.3/jakarta.activation-api-2.1.3.jar:/home/pi/.m2/repository/net/minidev/json-smart/2.5.2/json-smart-2.5.2.jar:/home/pi/.m2/repository/net/minidev/accessors-smart/2.5.2/accessors-smart-2.5.2.jar:/home/pi/.m2/repository/org/ow2/asm/asm/9.7.1/asm-9.7.1.jar:/home/pi/.m2/repository/org/assertj/assertj-core/3.26.3/assertj-core-3.26.3.jar:/home/pi/.m2/repository/net/bytebuddy/byte-buddy/1.15.11/byte-buddy-1.15.11.jar:/home/pi/.m2/repository/org/awaitility/awaitility/4.2.2/awaitility-4.2.2.jar:/home/pi/.m2/repository/org/hamcrest/hamcrest/2.2/hamcrest-2.2.jar:/home/pi/.m2/repository/org/junit/jupiter/junit-jupiter/5.11.4/junit-jupiter-5.11.4.jar:/home/pi/.m2/repository/org/junit/jupiter/junit-jupiter-api/5.11.4/junit-jupiter-api-5.11.4.jar:/home/pi/.m2/repository/org/opentest4j/opentest4j/1.3.0/opentest4j-1.3.0.jar:/home/pi/.m2/repository/org/junit/platform/junit-platform-commons/1.11.4/junit-platform-commons-1.11.4.jar:/home/pi/.m2/repository/org/apiguardian/apiguardian-api/1.1.2/apiguardian-api-1.1.2.jar:/home/pi/.m2/repository/org/junit/jupiter/junit-jupiter-params/5.11.4/junit-jupiter-params-5.11.4.jar:/home/pi/.m2/repository/org/junit/jupiter/junit-jupiter-engine/5.11.4/junit-jupiter-engine-5.11.4.jar:/home/pi/.m2/repository/org/junit/platform/junit-platform-engine/1.11.4/junit-platform-engine-1.11.4.jar:/home/pi/.m2/repository/org/mockito/mockito-core/5.14.2/mockito-core-5.14.2.jar:/home/pi/.m2/repository/net/bytebuddy/byte-buddy-agent/1.15.11/byte-buddy-agent-1.15.11.jar:/home/pi/.m2/repository/org/objenesis/objenesis/3.3/objenesis-3.3.jar:/home/pi/.m2/repository/org/mockito/mockito-junit-jupiter/5.14.2/mockito-junit-jupiter-5.14.2.jar:/home/pi/.m2/repository/org/skyscreamer/jsonassert/1.5.3/jsonassert-1.5.3.jar:/home/pi/.m2/repository/com/vaadin/external/google/android-json/0.0.20131108.vaadin1/android-json-0.0.20131108.vaadin1.jar:/home/pi/.m2/repository/org/springframework/spring-core/6.2.5/spring-core-6.2.5.jar:/home/pi/.m2/repository/org/springframework/spring-jcl/6.2.5/spring-jcl-6.2.5.jar:/home/pi/.m2/repository/org/springframework/spring-test/6.2.5/spring-test-6.2.5.jar:/home/pi/.m2/repository/org/xmlunit/xmlunit-core/2.10.0/xmlunit-core-2.10.0.jar:"/>
    <property name="java.vm.vendor" value="Eclipse Adoptium"/>
    <property name="sun.arch.data.model" value="64"/>
    <property name="java.vendor.url" value="https://adoptium.net/"/>
    <property name="user.timezone" value="Europe/Paris"/>
    <property name="os.name" value="Linux"/>
    <property name="java.vm.specification.version" value="21"/>
    <property name="sun.java.launcher" value="SUN_STANDARD"/>
    <property name="user.country" value="GB"/>
    <property name="sun.boot.library.path" value="/home/pi/.sdkman/candidates/java/21-tem/lib"/>
    <property name="sun.java.command" value="/home/pi/ProjetKubiiSpringboot/pi4j-springboot-1704-02/pi4j-spring-boot/target/surefire/surefirebooter-20250417151847458_3.jar /home/pi/ProjetKubiiSpringboot/pi4j-springboot-1704-02/pi4j-spring-boot/target/surefire 2025-04-17T15-18-46_566-jvmRun1 surefire-20250417151847458_1tmp surefire_0-20250417151847458_2tmp"/>
    <property name="jdk.debug" value="release"/>
    <property name="surefire.test.class.path" value="/home/pi/ProjetKubiiSpringboot/pi4j-springboot-1704-02/pi4j-spring-boot/target/test-classes:/home/pi/ProjetKubiiSpringboot/pi4j-springboot-1704-02/pi4j-spring-boot/target/classes:/home/pi/.m2/repository/com/pi4j/pi4j-core/3.0.0-SNAPSHOT/pi4j-core-3.0.0-SNAPSHOT.jar:/home/pi/.m2/repository/org/slf4j/slf4j-api/2.0.17/slf4j-api-2.0.17.jar:/home/pi/.m2/repository/com/pi4j/pi4j-plugin-raspberrypi/3.0.0-SNAPSHOT/pi4j-plugin-raspberrypi-3.0.0-SNAPSHOT.jar:/home/pi/.m2/repository/com/pi4j/pi4j-plugin-pigpio/3.0.0-SNAPSHOT/pi4j-plugin-pigpio-3.0.0-SNAPSHOT.jar:/home/pi/.m2/repository/com/pi4j/pi4j-library-pigpio/3.0.0-SNAPSHOT/pi4j-library-pigpio-3.0.0-SNAPSHOT.jar:/home/pi/.m2/repository/com/pi4j/pi4j-plugin-linuxfs/3.0.0-SNAPSHOT/pi4j-plugin-linuxfs-3.0.0-SNAPSHOT.jar:/home/pi/.m2/repository/com/jcraft/jsch/0.1.55/jsch-0.1.55.jar:/home/pi/.m2/repository/com/pi4j/pi4j-library-linuxfs/3.0.0-SNAPSHOT/pi4j-library-linuxfs-3.0.0-SNAPSHOT.jar:/home/pi/.m2/repository/net/java/dev/jna/jna/5.15.0/jna-5.15.0.jar:/home/pi/.m2/repository/com/pi4j/pi4j-plugin-gpiod/3.0.0-SNAPSHOT/pi4j-plugin-gpiod-3.0.0-SNAPSHOT.jar:/home/pi/.m2/repository/com/pi4j/pi4j-library-gpiod/3.0.0-SNAPSHOT/pi4j-library-gpiod-3.0.0-SNAPSHOT.jar:/home/pi/.m2/repository/com/pi4j/pi4j-plugin-mock/3.0.0-SNAPSHOT/pi4j-plugin-mock-3.0.0-SNAPSHOT.jar:/home/pi/.m2/repository/org/springframework/boot/spring-boot-autoconfigure/3.4.4/spring-boot-autoconfigure-3.4.4.jar:/home/pi/.m2/repository/org/springframework/boot/spring-boot/3.4.4/spring-boot-3.4.4.jar:/home/pi/.m2/repository/org/springframework/spring-context/6.2.5/spring-context-6.2.5.jar:/home/pi/.m2/repository/org/springframework/spring-aop/6.2.5/spring-aop-6.2.5.jar:/home/pi/.m2/repository/org/springframework/spring-beans/6.2.5/spring-beans-6.2.5.jar:/home/pi/.m2/repository/org/springframework/spring-expression/6.2.5/spring-expression-6.2.5.jar:/home/pi/.m2/repository/io/micrometer/micrometer-observation/1.14.5/micrometer-observation-1.14.5.jar:/home/pi/.m2/repository/io/micrometer/micrometer-commons/1.14.5/micrometer-commons-1.14.5.jar:/home/pi/.m2/repository/org/springframework/boot/spring-boot-actuator/3.4.4/spring-boot-actuator-3.4.4.jar:/home/pi/.m2/repository/org/springframework/boot/spring-boot-autoconfigure-processor/3.4.4/spring-boot-autoconfigure-processor-3.4.4.jar:/home/pi/.m2/repository/org/springframework/boot/spring-boot-configuration-processor/3.4.4/spring-boot-configuration-processor-3.4.4.jar:/home/pi/.m2/repository/org/springframework/boot/spring-boot-starter-test/3.4.4/spring-boot-starter-test-3.4.4.jar:/home/pi/.m2/repository/org/springframework/boot/spring-boot-starter/3.4.4/spring-boot-starter-3.4.4.jar:/home/pi/.m2/repository/org/springframework/boot/spring-boot-starter-logging/3.4.4/spring-boot-starter-logging-3.4.4.jar:/home/pi/.m2/repository/ch/qos/logback/logback-classic/1.5.18/logback-classic-1.5.18.jar:/home/pi/.m2/repository/ch/qos/logback/logback-core/1.5.18/logback-core-1.5.18.jar:/home/pi/.m2/repository/org/apache/logging/log4j/log4j-to-slf4j/2.24.3/log4j-to-slf4j-2.24.3.jar:/home/pi/.m2/repository/org/apache/logging/log4j/log4j-api/2.24.3/log4j-api-2.24.3.jar:/home/pi/.m2/repository/org/slf4j/jul-to-slf4j/2.0.17/jul-to-slf4j-2.0.17.jar:/home/pi/.m2/repository/jakarta/annotation/jakarta.annotation-api/2.1.1/jakarta.annotation-api-2.1.1.jar:/home/pi/.m2/repository/org/yaml/snakeyaml/2.3/snakeyaml-2.3.jar:/home/pi/.m2/repository/org/springframework/boot/spring-boot-test/3.4.4/spring-boot-test-3.4.4.jar:/home/pi/.m2/repository/org/springframework/boot/spring-boot-test-autoconfigure/3.4.4/spring-boot-test-autoconfigure-3.4.4.jar:/home/pi/.m2/repository/com/jayway/jsonpath/json-path/2.9.0/json-path-2.9.0.jar:/home/pi/.m2/repository/jakarta/xml/bind/jakarta.xml.bind-api/4.0.2/jakarta.xml.bind-api-4.0.2.jar:/home/pi/.m2/repository/jakarta/activation/jakarta.activation-api/2.1.3/jakarta.activation-api-2.1.3.jar:/home/pi/.m2/repository/net/minidev/json-smart/2.5.2/json-smart-2.5.2.jar:/home/pi/.m2/repository/net/minidev/accessors-smart/2.5.2/accessors-smart-2.5.2.jar:/home/pi/.m2/repository/org/ow2/asm/asm/9.7.1/asm-9.7.1.jar:/home/pi/.m2/repository/org/assertj/assertj-core/3.26.3/assertj-core-3.26.3.jar:/home/pi/.m2/repository/net/bytebuddy/byte-buddy/1.15.11/byte-buddy-1.15.11.jar:/home/pi/.m2/repository/org/awaitility/awaitility/4.2.2/awaitility-4.2.2.jar:/home/pi/.m2/repository/org/hamcrest/hamcrest/2.2/hamcrest-2.2.jar:/home/pi/.m2/repository/org/junit/jupiter/junit-jupiter/5.11.4/junit-jupiter-5.11.4.jar:/home/pi/.m2/repository/org/junit/jupiter/junit-jupiter-api/5.11.4/junit-jupiter-api-5.11.4.jar:/home/pi/.m2/repository/org/opentest4j/opentest4j/1.3.0/opentest4j-1.3.0.jar:/home/pi/.m2/repository/org/junit/platform/junit-platform-commons/1.11.4/junit-platform-commons-1.11.4.jar:/home/pi/.m2/repository/org/apiguardian/apiguardian-api/1.1.2/apiguardian-api-1.1.2.jar:/home/pi/.m2/repository/org/junit/jupiter/junit-jupiter-params/5.11.4/junit-jupiter-params-5.11.4.jar:/home/pi/.m2/repository/org/junit/jupiter/junit-jupiter-engine/5.11.4/junit-jupiter-engine-5.11.4.jar:/home/pi/.m2/repository/org/junit/platform/junit-platform-engine/1.11.4/junit-platform-engine-1.11.4.jar:/home/pi/.m2/repository/org/mockito/mockito-core/5.14.2/mockito-core-5.14.2.jar:/home/pi/.m2/repository/net/bytebuddy/byte-buddy-agent/1.15.11/byte-buddy-agent-1.15.11.jar:/home/pi/.m2/repository/org/objenesis/objenesis/3.3/objenesis-3.3.jar:/home/pi/.m2/repository/org/mockito/mockito-junit-jupiter/5.14.2/mockito-junit-jupiter-5.14.2.jar:/home/pi/.m2/repository/org/skyscreamer/jsonassert/1.5.3/jsonassert-1.5.3.jar:/home/pi/.m2/repository/com/vaadin/external/google/android-json/0.0.20131108.vaadin1/android-json-0.0.20131108.vaadin1.jar:/home/pi/.m2/repository/org/springframework/spring-core/6.2.5/spring-core-6.2.5.jar:/home/pi/.m2/repository/org/springframework/spring-jcl/6.2.5/spring-jcl-6.2.5.jar:/home/pi/.m2/repository/org/springframework/spring-test/6.2.5/spring-test-6.2.5.jar:/home/pi/.m2/repository/org/xmlunit/xmlunit-core/2.10.0/xmlunit-core-2.10.0.jar:"/>
    <property name="sun.cpu.endian" value="little"/>
    <property name="user.home" value="/home/pi"/>
    <property name="user.language" value="en"/>
    <property name="java.specification.vendor" value="Oracle Corporation"/>
    <property name="java.version.date" value="2023-09-19"/>
    <property name="java.home" value="/home/pi/.sdkman/candidates/java/21-tem"/>
    <property name="file.separator" value="/"/>
    <property name="basedir" value="/home/pi/ProjetKubiiSpringboot/pi4j-springboot-1704-02/pi4j-spring-boot"/>
    <property name="java.vm.compressedOopsMode" value="32-bit"/>
    <property name="line.separator" value="&#10;"/>
    <property name="java.vm.specification.vendor" value="Oracle Corporation"/>
    <property name="java.specification.name" value="Java Platform API Specification"/>
    <property name="FILE_LOG_CHARSET" value="UTF-8"/>
    <property name="java.awt.headless" value="true"/>
    <property name="surefire.real.class.path" value="/home/pi/ProjetKubiiSpringboot/pi4j-springboot-1704-02/pi4j-spring-boot/target/surefire/surefirebooter-20250417151847458_3.jar"/>
    <property name="sun.management.compiler" value="HotSpot 64-Bit Tiered Compilers"/>
    <property name="java.runtime.version" value="21+35-LTS"/>
    <property name="user.name" value="pi"/>
    <property name="stdout.encoding" value="UTF-8"/>
    <property name="path.separator" value=":"/>
    <property name="os.version" value="6.12.20+rpt-rpi-v8"/>
    <property name="java.runtime.name" value="OpenJDK Runtime Environment"/>
    <property name="file.encoding" value="UTF-8"/>
    <property name="java.vm.name" value="OpenJDK 64-Bit Server VM"/>
    <property name="java.vendor.version" value="Temurin-21+35"/>
    <property name="localRepository" value="/home/pi/.m2/repository"/>
    <property name="java.vendor.url.bug" value="https://github.com/adoptium/adoptium-support/issues"/>
    <property name="java.io.tmpdir" value="/tmp"/>
    <property name="java.version" value="21"/>
    <property name="user.dir" value="/home/pi/ProjetKubiiSpringboot/pi4j-springboot-1704-02/pi4j-spring-boot"/>
    <property name="os.arch" value="aarch64"/>
    <property name="java.vm.specification.name" value="Java Virtual Machine Specification"/>
    <property name="PID" value="117293"/>
    <property name="CONSOLE_LOG_CHARSET" value="UTF-8"/>
    <property name="native.encoding" value="UTF-8"/>
    <property name="java.library.path" value="/usr/java/packages/lib:/usr/lib64:/lib64:/lib:/usr/lib"/>
    <property name="java.vm.info" value="mixed mode, sharing"/>
    <property name="stderr.encoding" value="UTF-8"/>
    <property name="java.vendor" value="Eclipse Adoptium"/>
    <property name="java.vm.version" value="21+35-LTS"/>
    <property name="sun.io.unicode.encoding" value="UnicodeLittle"/>
    <property name="java.class.version" value="65.0"/>
  </properties>
  <testcase name="contextLoads" classname="com.pi4j.spring.boot.ContextTest" time="5.451">
    <system-out><![CDATA[
  .   ____          _            __ _ _
 /\\ / ___'_ __ _ _(_)_ __  __ _ \ \ \ \
( ( )\___ | '_ | '_| | '_ \/ _` | \ \ \ \
 \\/  ___)| |_)| | | | | || (_| |  ) ) ) )
  '  |____| .__|_| |_|_| |_\__, | / / / /
 =========|_|==============|___/=/_/_/_/

 :: Spring Boot ::                (v3.4.4)

2025-04-17T15:18:55.751+02:00  INFO 117293 --- [           main] com.pi4j.spring.boot.ContextTest         : Starting ContextTest using Java 21 with PID 117293 (started by pi in /home/pi/ProjetKubiiSpringboot/pi4j-springboot-1704-02/pi4j-spring-boot)
2025-04-17T15:18:55.767+02:00  INFO 117293 --- [           main] com.pi4j.spring.boot.ContextTest         : No active profile set, falling back to 1 default profile: "default"
2025-04-17T15:18:57.800+02:00  INFO 117293 --- [           main] com.pi4j.Pi4J                            : New auto context
2025-04-17T15:18:57.801+02:00  INFO 117293 --- [           main] com.pi4j.Pi4J                            : New context builder
2025-04-17T15:18:57.813+02:00  INFO 117293 --- [           main] c.pi4j.boardinfo.util.BoardInfoHelper    : Detected OS: Name: Linux, version: 6.12.20+rpt-rpi-v8, architecture: aarch64
2025-04-17T15:18:57.823+02:00  INFO 117293 --- [           main] c.pi4j.boardinfo.util.BoardInfoHelper    : Detected Java: Version: 21, runtime: 21+35-LTS, vendor: Eclipse Adoptium, vendor version: Temurin-21+35
2025-04-17T15:18:57.867+02:00  INFO 117293 --- [           main] c.pi4j.boardinfo.util.BoardInfoHelper    : Detected board type MODEL_4_B by code: d03114
2025-04-17T15:18:58.313+02:00  INFO 117293 --- [           main] com.pi4j.context.impl.DefaultContext     : Detected board model: Raspberry Pi 4 Model B
2025-04-17T15:18:58.314+02:00  INFO 117293 --- [           main] com.pi4j.context.impl.DefaultContext     : Running on: Name: Linux, version: 6.12.20+rpt-rpi-v8, architecture: aarch64
2025-04-17T15:18:58.316+02:00  INFO 117293 --- [           main] com.pi4j.context.impl.DefaultContext     : With Java version: Version: 21, runtime: 21+35-LTS, vendor: Eclipse Adoptium, vendor version: Temurin-21+35
2025-04-17T15:18:58.318+02:00  INFO 117293 --- [           main] com.pi4j.runtime.impl.DefaultRuntime     : Initializing Pi4J context/runtime...
2025-04-17T15:18:58.440+02:00  INFO 117293 --- [           main] com.pi4j.runtime.impl.DefaultRuntime     : Replacing provider I2C RaspberryPi I2C Provider with priority 0 with provider PiGpio I2C Provider with higher priority 100
2025-04-17T15:18:58.443+02:00  INFO 117293 --- [           main] com.pi4j.runtime.impl.DefaultRuntime     : Replacing provider PWM RaspberryPi PWM Provider with priority 0 with provider PiGpio PWM Provider with higher priority 100
2025-04-17T15:18:58.445+02:00  INFO 117293 --- [           main] com.pi4j.runtime.impl.DefaultRuntime     : Replacing provider DIGITAL_INPUT RaspberryPi Digital Input (GPIO) Provider with priority 0 with provider PiGpio Digital Input (GPIO) Provider with higher priority 100
2025-04-17T15:18:58.447+02:00  INFO 117293 --- [           main] com.pi4j.runtime.impl.DefaultRuntime     : Replacing provider SERIAL RaspberryPi Serial Provider with priority 0 with provider PiGpio Serial Provider with higher priority 100
2025-04-17T15:18:58.451+02:00  INFO 117293 --- [           main] com.pi4j.runtime.impl.DefaultRuntime     : Replacing provider SPI RaspberryPi SPI Provider with priority 0 with provider PiGpio SPI Provider with higher priority 100
2025-04-17T15:18:58.453+02:00  INFO 117293 --- [           main] com.pi4j.runtime.impl.DefaultRuntime     : Replacing provider DIGITAL_OUTPUT RaspberryPi Digital Output (GPIO) Provider with priority 0 with provider PiGpio Digital Output (GPIO) Provider with higher priority 100
2025-04-17T15:18:58.507+02:00  INFO 117293 --- [           main] com.pi4j.runtime.impl.DefaultRuntime     : Ignoring provider SPI LinuxFS SPI Provider with priority 50 as lower priority than PiGpio SPI Provider which has priority 100
2025-04-17T15:18:58.508+02:00  INFO 117293 --- [           main] com.pi4j.runtime.impl.DefaultRuntime     : Ignoring provider DIGITAL_INPUT LinuxFS Digital Input (GPIO) Provider with priority 50 as lower priority than PiGpio Digital Input (GPIO) Provider which has priority 100
2025-04-17T15:18:58.515+02:00  INFO 117293 --- [           main] com.pi4j.runtime.impl.DefaultRuntime     : Ignoring provider PWM LinuxFS PWM Provider with priority 50 as lower priority than PiGpio PWM Provider which has priority 100
2025-04-17T15:18:58.516+02:00  INFO 117293 --- [           main] com.pi4j.runtime.impl.DefaultRuntime     : Ignoring provider DIGITAL_OUTPUT LinuxFS Digital Output (GPIO) Provider with priority 50 as lower priority than PiGpio Digital Output (GPIO) Provider which has priority 100
2025-04-17T15:18:58.523+02:00  INFO 117293 --- [           main] com.pi4j.runtime.impl.DefaultRuntime     : Replacing provider I2C PiGpio I2C Provider with priority 100 with provider LinuxFS I2C Provider with higher priority 150
2025-04-17T15:18:58.551+02:00  INFO 117293 --- [           main] com.pi4j.runtime.impl.DefaultRuntime     : Replacing provider DIGITAL_OUTPUT PiGpio Digital Output (GPIO) Provider with priority 100 with provider GpioD Digital Output (GPIO) Provider with higher priority 150
2025-04-17T15:18:58.559+02:00  INFO 117293 --- [           main] com.pi4j.runtime.impl.DefaultRuntime     : Replacing provider DIGITAL_INPUT PiGpio Digital Input (GPIO) Provider with priority 100 with provider GpioD Digital Input (GPIO) Provider with higher priority 150
2025-04-17T15:18:59.000+02:00  INFO 117293 --- [           main] c.p.library.gpiod.internal.GpioDContext  : Using chip gpiochip0 pinctrl-bcm2711
2025-04-17T15:18:59.003+02:00  INFO 117293 --- [           main] c.p.library.gpiod.internal.GpioDContext  : GpioD context already initialized with chip: gpiochip0
2025-04-17T15:18:59.004+02:00  INFO 117293 --- [           main] c.p.p.impl.DefaultRuntimePlatforms       : adding platform to managed platform map [id=raspberrypi; name=RaspberryPi Platform; priority=5; class=com.pi4j.plugin.raspberrypi.platform.RaspberryPiPlatform]
2025-04-17T15:18:59.011+02:00  INFO 117293 --- [           main] com.pi4j.runtime.impl.DefaultRuntime     : Pi4J context/runtime successfully initialized.
2025-04-17T15:18:59.155+02:00  INFO 117293 --- [           main] com.pi4j.spring.boot.ContextTest         : Started ContextTest in 5.33 seconds (process running for 11.221)
]]></system-out>
    <system-err><![CDATA[Mockito is currently self-attaching to enable the inline-mock-maker. This will no longer work in future releases of the JDK. Please add Mockito as an agent to your build what is described in Mockito's documentation: https://javadoc.io/doc/org.mockito/mockito-core/latest/org/mockito/Mockito.html#0.3
WARNING: A Java agent has been loaded dynamically (/home/pi/.m2/repository/net/bytebuddy/byte-buddy-agent/1.15.11/byte-buddy-agent-1.15.11.jar)
WARNING: If a serviceability tool is in use, please run with -XX:+EnableDynamicAgentLoading to hide this warning
WARNING: If a serviceability tool is not in use, please run with -Djdk.instrument.traceUsage for more information
WARNING: Dynamic loading of agents will be disallowed by default in a future release
]]></system-err>
  </testcase>
  <testcase name="boardUnknownIfNotRunningOnPi" classname="com.pi4j.spring.boot.ContextTest" time="0.047">
    <failure message="expected: &lt;UNKNOWN&gt; but was: &lt;MODEL_4_B&gt;" type="org.opentest4j.AssertionFailedError"><![CDATA[org.opentest4j.AssertionFailedError: expected: <UNKNOWN> but was: <MODEL_4_B>
	at org.junit.jupiter.api.AssertionFailureBuilder.build(AssertionFailureBuilder.java:151)
	at org.junit.jupiter.api.AssertionFailureBuilder.buildAndThrow(AssertionFailureBuilder.java:132)
	at org.junit.jupiter.api.AssertEquals.failNotEqual(AssertEquals.java:197)
	at org.junit.jupiter.api.AssertEquals.assertEquals(AssertEquals.java:182)
	at org.junit.jupiter.api.AssertEquals.assertEquals(AssertEquals.java:177)
	at org.junit.jupiter.api.Assertions.assertEquals(Assertions.java:1145)
	at com.pi4j.spring.boot.ContextTest.boardUnknownIfNotRunningOnPi(ContextTest.java:31)
	at java.base/java.lang.reflect.Method.invoke(Method.java:580)
	at java.base/java.util.ArrayList.forEach(ArrayList.java:1596)
	at java.base/java.util.ArrayList.forEach(ArrayList.java:1596)
]]></failure>
  </testcase>
</testsuite>